"../../../../../../Users/chloe/Documents/GitHub/Unit2BCollaborativeProject/Content/Assets/Materials/Old/M_StartPlatform.uasset" 0
"../../../../../../Users/chloe/Documents/GitHub/Unit2BCollaborativeProject/Content/Assets/Materials/M_StartPlatform.uasset" 1
"../../../../../../Users/chloe/Documents/GitHub/Unit2BCollaborativeProject/Content/Assets/Textures/T_01a_Tree_Base_Color.uasset" 2
"../../../../../../Users/chloe/Documents/GitHub/Unit2BCollaborativeProject/Content/Assets/Materials/M_Tree_Base_Color.uasset" 3
"../../../../../../Users/chloe/Documents/GitHub/Unit2BCollaborativeProject/Content/Assets/Textures/M_Bag_01a_BaseColor.uasset" 4
"../../../../../../Users/chloe/Documents/GitHub/Unit2BCollaborativeProject/Content/Assets/Textures/M_Bag_01a_Normal.uasset" 5
"../../../../../../Users/chloe/Documents/GitHub/Unit2BCollaborativeProject/Content/Assets/Textures/M_Bag_01a_OcclusionRoughnessMetallic.uasset" 6
"../../../../../../Users/chloe/Documents/GitHub/Unit2BCollaborativeProject/Content/Assets/Materials/M_Bag_01a.uasset" 7
"../../../../../../Users/chloe/Documents/GitHub/Unit2BCollaborativeProject/Content/Assets/Meshes/M_Bag_01a.uasset" 8
"../../../../../../Users/chloe/Documents/GitHub/Unit2BCollaborativeProject/Content/Assets/Materials/Old/M_White.uasset" 9
"../../../../../../Users/chloe/Documents/GitHub/Unit2BCollaborativeProject/Content/Assets/Meshes/Old/SM_Start_Plat.uasset" 10
"../../../../../../Users/chloe/Documents/GitHub/Unit2BCollaborativeProject/Content/Assets/Meshes/SM_Start_Plat.uasset" 11
"../../../../../../Users/chloe/Documents/GitHub/Unit2BCollaborativeProject/Content/Assets/Materials/Old/M_Black.uasset" 12
"../../../../../../Users/chloe/Documents/GitHub/Unit2BCollaborativeProject/Content/Assets/Materials/Old/M_Orange.uasset" 13
"../../../../../../Users/chloe/Documents/GitHub/Unit2BCollaborativeProject/Content/Assets/Meshes/Old/SM_EmperorPeng_Block.uasset" 14
"../../../../../../Users/chloe/Documents/GitHub/Unit2BCollaborativeProject/Content/Assets/Meshes/Old/SM_Ramp_Block.uasset" 15
"../../../../../../Users/chloe/Documents/GitHub/Unit2BCollaborativeProject/Content/Assets/PenguinCharacter/MATS+TEXTURES/M_Beanie_BaseColor.uasset" 16
"../../../../../../Users/chloe/Documents/GitHub/Unit2BCollaborativeProject/Content/Assets/PenguinCharacter/MATS+TEXTURES/M_Beanie.uasset" 17
"../../../../../../Users/chloe/Documents/GitHub/Unit2BCollaborativeProject/Content/Assets/PenguinCharacter/MATS+TEXTURES/SM_Eyes_Retop_M_Eyes_BaseColor.uasset" 18
"../../../../../../Users/chloe/Documents/GitHub/Unit2BCollaborativeProject/Content/Assets/PenguinCharacter/MATS+TEXTURES/M_L_Eye.uasset" 19
"../../../../../../Users/chloe/Documents/GitHub/Unit2BCollaborativeProject/Content/Assets/PenguinCharacter/MATS+TEXTURES/M_Penguin_BaseColor.uasset" 20
"../../../../../../Users/chloe/Documents/GitHub/Unit2BCollaborativeProject/Content/Assets/PenguinCharacter/MATS+TEXTURES/M_Penguin_Normal.uasset" 21
"../../../../../../Users/chloe/Documents/GitHub/Unit2BCollaborativeProject/Content/Assets/PenguinCharacter/MATS+TEXTURES/M_Penguin_OcclusionRoughnessMetallic.uasset" 22
"../../../../../../Users/chloe/Documents/GitHub/Unit2BCollaborativeProject/Content/Assets/PenguinCharacter/MATS+TEXTURES/M_Penguin.uasset" 23
"../../../../../../Users/chloe/Documents/GitHub/Unit2BCollaborativeProject/Content/Assets/PenguinCharacter/MATS+TEXTURES/M_R_Eye.uasset" 24
"../../../../../../Users/chloe/Documents/GitHub/Unit2BCollaborativeProject/Content/Assets/PenguinCharacter/MATS+TEXTURES/M_Scarf_BaseColor.uasset" 25
"../../../../../../Users/chloe/Documents/GitHub/Unit2BCollaborativeProject/Content/Assets/PenguinCharacter/MATS+TEXTURES/M_Scarf.uasset" 26
"../../../../../../Users/chloe/Documents/GitHub/Unit2BCollaborativeProject/Content/Assets/PenguinCharacter/DEATH/Anim_Death_PhysicsAsset.uasset" 27
"../../../../../../Users/chloe/Documents/GitHub/Unit2BCollaborativeProject/Content/Assets/PenguinCharacter/IDLE/Anim_Idle_R_1_Skeleton.uasset" 28
"../../../../../../Users/chloe/Documents/GitHub/Unit2BCollaborativeProject/Content/Assets/PenguinCharacter/DEATH/Anim_Death.uasset" 29
"../../../../../../Users/chloe/Documents/GitHub/Unit2BCollaborativeProject/Content/Assets/PenguinCharacter/DEATH/Anim_Death_Anim.uasset" 30
"../../../../../../Users/chloe/Documents/GitHub/Unit2BCollaborativeProject/Content/Assets/PenguinCharacter/DEATH/Anim_Death_Skeleton.uasset" 31
"../../../../../../Users/chloe/Documents/GitHub/Unit2BCollaborativeProject/Content/Assets/PenguinCharacter/JUMP/Anim_Jump_PhysicsAsset.uasset" 32
"../../../../../../Users/chloe/Documents/GitHub/Unit2BCollaborativeProject/Content/Assets/PenguinCharacter/JUMP/Anim_Jump.uasset" 33
"../../../../../../Users/chloe/Documents/GitHub/Unit2BCollaborativeProject/Content/Assets/PenguinCharacter/JUMP/Anim_Jump_Skeleton.uasset" 34
"../../../../../../Users/chloe/Documents/GitHub/Unit2BCollaborativeProject/Content/Assets/PenguinCharacter/JUMP/Anim_Jump_Anim.uasset" 35
"../../../../../../Users/chloe/Documents/GitHub/Unit2BCollaborativeProject/Content/Assets/PenguinCharacter/IDLE/Anim_Idle_R_1_Anim.uasset" 36
"../../../../../../Users/chloe/Documents/GitHub/Unit2BCollaborativeProject/Content/Assets/PenguinCharacter/RUN/Anim_Run_Anim.uasset" 37
"../../../../../../Users/chloe/Documents/GitHub/Unit2BCollaborativeProject/Content/Assets/PenguinCharacter/BS_IdleRun.uasset" 38
"../../../Engine/Content/EditorBlueprintResources/StandardMacros.uasset" 39
"../../../../../../Users/chloe/Documents/GitHub/Unit2BCollaborativeProject/Content/Assets/PenguinCharacter/BP_Penguin_Anims.uasset" 40
"../../../../../../Users/chloe/Documents/GitHub/Unit2BCollaborativeProject/Content/Assets/PenguinCharacter/BP_Anim_Jump.uasset" 41
"../../../../../../Users/chloe/Documents/GitHub/Unit2BCollaborativeProject/Content/Assets/PenguinCharacter/JUMP/BP_Anim_Jump.uasset" 42
"../../../../../../Users/chloe/Documents/GitHub/Unit2BCollaborativeProject/Content/Assets/PenguinCharacter/RUN/Anim_Run_PhysicsAsset.uasset" 43
"../../../../../../Users/chloe/Documents/GitHub/Unit2BCollaborativeProject/Content/Assets/PenguinCharacter/RUN/Anim_Run.uasset" 44
"../../../../../../Users/chloe/Documents/GitHub/Unit2BCollaborativeProject/Content/Assets/PenguinCharacter/RUN/Anim_Run_Skeleton.uasset" 45
"../../../../../../Users/chloe/Documents/GitHub/Unit2BCollaborativeProject/Content/Assets/PenguinCharacter/BP_Anim_Run.uasset" 46
"../../../../../../Users/chloe/Documents/GitHub/Unit2BCollaborativeProject/Content/Assets/PenguinCharacter/RUN/BP_Anim_Run.uasset" 47
"../../../../../../Users/chloe/Documents/GitHub/Unit2BCollaborativeProject/Content/Levels/Struct_PlayerInfo.uasset" 48
"../../../../../../Users/chloe/Documents/GitHub/Unit2BCollaborativeProject/Content/Levels/HighScoreList_SaveGame.uasset" 49
"../../../../../../Users/chloe/Documents/GitHub/Unit2BCollaborativeProject/Content/Levels/Setup_GameInstance.uasset" 50
"../../../../../../Users/chloe/Documents/GitHub/Unit2BCollaborativeProject/Content/Blueprints/BPI_CheckPoint.uasset" 51
"../../../../../../Users/chloe/Documents/GitHub/Unit2BCollaborativeProject/Content/Blueprints/BP_Checkpoint.uasset" 52
"../../../../../../Users/chloe/Documents/GitHub/Unit2BCollaborativeProject/Content/Assets/PenguinCharacter/IDLE/Anim_Idle_R_1_PhysicsAsset.uasset" 53
"../../../../../../Users/chloe/Documents/GitHub/Unit2BCollaborativeProject/Content/Assets/PenguinCharacter/IDLE/Anim_Idle_R_1.uasset" 54
"../../../Engine/Content/Functions/Engine_MaterialFunctions02/Texturing/CustomRotator.uasset" 55
"../../../Engine/Content/Functions/Engine_MaterialFunctions02/Utility/VectorToRadialValue.uasset" 56
"../../../../../../Users/chloe/Documents/GitHub/Unit2BCollaborativeProject/Content/ThirdPersonBP/Mechanics/Health/HeartIcon.uasset" 57
"../../../../../../Users/chloe/Documents/GitHub/Unit2BCollaborativeProject/Content/ThirdPersonBP/Mechanics/Health/HeartMat.uasset" 58
"../../../../../../Users/chloe/Documents/GitHub/Unit2BCollaborativeProject/Content/UI/HeartWidget.uasset" 59
"../../../../../../Users/chloe/Documents/GitHub/Unit2BCollaborativeProject/Content/UI/MainHUD.uasset" 60
"../../../../../../Users/chloe/Documents/GitHub/Unit2BCollaborativeProject/Content/ThirdPersonBP/Blueprints/ThirdPersonCharacter.uasset" 61
"../../../../../../Users/chloe/Documents/GitHub/Unit2BCollaborativeProject/Content/Assets/Textures/M_Flask_01a_BaseColor.uasset" 62
"../../../../../../Users/chloe/Documents/GitHub/Unit2BCollaborativeProject/Content/Assets/Textures/M_Flask_01a_Normal.uasset" 63
"../../../../../../Users/chloe/Documents/GitHub/Unit2BCollaborativeProject/Content/Assets/Textures/M_Flask_01a_OcclusionRoughnessMetallic.uasset" 64
"../../../../../../Users/chloe/Documents/GitHub/Unit2BCollaborativeProject/Content/Assets/Materials/M_Flask_01a.uasset" 65
"../../../../../../Users/chloe/Documents/GitHub/Unit2BCollaborativeProject/Content/Assets/Textures/M_Toothbrush_01a_BaseColor.uasset" 66
"../../../../../../Users/chloe/Documents/GitHub/Unit2BCollaborativeProject/Content/Assets/Textures/M_Toothbrush_01a_Normal.uasset" 67
"../../../../../../Users/chloe/Documents/GitHub/Unit2BCollaborativeProject/Content/Assets/Textures/M_Toothbrush_01a_OcclusionRoughnessMetallic.uasset" 68
"../../../../../../Users/chloe/Documents/GitHub/Unit2BCollaborativeProject/Content/Assets/Materials/M_Toothbrush_01a.uasset" 69
"../../../../../../Users/chloe/Documents/GitHub/Unit2BCollaborativeProject/Content/Assets/Meshes/SM_Bag_01a.uasset" 70
"../../../../../../Users/chloe/Documents/GitHub/Unit2BCollaborativeProject/Content/Assets/Meshes/SM_Flask_01a.uasset" 71
"../../../../../../Users/chloe/Documents/GitHub/Unit2BCollaborativeProject/Content/Assets/Meshes/SM_Toothbrush_01a.uasset" 72
"../../../../../../Users/chloe/Documents/GitHub/Unit2BCollaborativeProject/Content/Blueprints/Items/Enum_SpecialItems.uasset" 73
"../../../../../../Users/chloe/Documents/GitHub/Unit2BCollaborativeProject/Content/Blueprints/Items/Struct_SpecialItems.uasset" 74
"../../../../../../Users/chloe/Documents/GitHub/Unit2BCollaborativeProject/Content/Blueprints/Items/DT_SpecialItems.uasset" 75
"../../../../../../Users/chloe/Documents/GitHub/Unit2BCollaborativeProject/Content/Assets/Meshes/Old/SM_Peng_Skull.uasset" 76
"../../../../../../Users/chloe/Documents/GitHub/Unit2BCollaborativeProject/Content/Blueprints/Items/BP_SpecialItem.uasset" 77
"../../../../../../Users/chloe/Documents/GitHub/Unit2BCollaborativeProject/Content/Blueprints/BP_Litter_Pickup.uasset" 78
"../../../../../../Users/chloe/Documents/GitHub/Unit2BCollaborativeProject/Content/Blueprints/IceCaps/BP_Spawnable_IceCap.uasset" 79
"../../../../../../Users/chloe/Documents/GitHub/Unit2BCollaborativeProject/Content/Assets/Textures/M_Faller_01a_BaseColor.uasset" 80
"../../../../../../Users/chloe/Documents/GitHub/Unit2BCollaborativeProject/Content/Assets/Textures/M_Faller_01a_Normal.uasset" 81
"../../../../../../Users/chloe/Documents/GitHub/Unit2BCollaborativeProject/Content/Assets/Textures/M_Faller_01a_OcclusionRoughnessMetallic.uasset" 82
"../../../../../../Users/chloe/Documents/GitHub/Unit2BCollaborativeProject/Content/Assets/Materials/M_Faller_01a.uasset" 83
"../../../../../../Users/chloe/Documents/GitHub/Unit2BCollaborativeProject/Content/Assets/Textures/M_Faller_01b_BaseColor.uasset" 84
"../../../../../../Users/chloe/Documents/GitHub/Unit2BCollaborativeProject/Content/Assets/Textures/M_Faller_01b_Normal.uasset" 85
"../../../../../../Users/chloe/Documents/GitHub/Unit2BCollaborativeProject/Content/Assets/Textures/M_Faller_01b_OcclusionRoughnessMetallic.uasset" 86
"../../../../../../Users/chloe/Documents/GitHub/Unit2BCollaborativeProject/Content/Assets/Materials/M_Faller_01b.uasset" 87
"../../../../../../Users/chloe/Documents/GitHub/Unit2BCollaborativeProject/Content/Assets/Meshes/SM_Faller_01a.uasset" 88
"../../../../../../Users/chloe/Documents/GitHub/Unit2BCollaborativeProject/Content/Assets/Meshes/SM_Faller_01b.uasset" 89
"../../../../../../Users/chloe/Documents/GitHub/Unit2BCollaborativeProject/Content/Assets/Textures/M_Faller_01c_BaseColor.uasset" 90
"../../../../../../Users/chloe/Documents/GitHub/Unit2BCollaborativeProject/Content/Assets/Textures/M_Faller_01c_Normal.uasset" 91
"../../../../../../Users/chloe/Documents/GitHub/Unit2BCollaborativeProject/Content/Assets/Textures/M_Faller_01c_OcclusionRoughnessMetallic.uasset" 92
"../../../../../../Users/chloe/Documents/GitHub/Unit2BCollaborativeProject/Content/Assets/Materials/c.uasset" 93
"../../../../../../Users/chloe/Documents/GitHub/Unit2BCollaborativeProject/Content/Assets/Materials/M_Faller_01c.uasset" 94
"../../../../../../Users/chloe/Documents/GitHub/Unit2BCollaborativeProject/Content/Assets/Meshes/SM_Faller_01c.uasset" 95
"../../../../../../Users/chloe/Documents/GitHub/Unit2BCollaborativeProject/Content/Assets/Textures/M_Faller_02a_BaseColor.uasset" 96
"../../../../../../Users/chloe/Documents/GitHub/Unit2BCollaborativeProject/Content/Assets/Textures/M_Faller_02a_Normal.uasset" 97
"../../../../../../Users/chloe/Documents/GitHub/Unit2BCollaborativeProject/Content/Assets/Textures/M_Faller_02a_OcclusionRoughnessMetallic.uasset" 98
"../../../../../../Users/chloe/Documents/GitHub/Unit2BCollaborativeProject/Content/Assets/Materials/M_Faller_02a.uasset" 99
"../../../../../../Users/chloe/Documents/GitHub/Unit2BCollaborativeProject/Content/Assets/Meshes/SM_Faller_02a.uasset" 100
"../../../../../../Users/chloe/Documents/GitHub/Unit2BCollaborativeProject/Content/Assets/Textures/M_Faller_02b_BaseColor.uasset" 101
"../../../../../../Users/chloe/Documents/GitHub/Unit2BCollaborativeProject/Content/Assets/Textures/M_Faller_02b_Normal.uasset" 102
"../../../../../../Users/chloe/Documents/GitHub/Unit2BCollaborativeProject/Content/Assets/Textures/M_Faller_02b_OcclusionRoughnessMetallic.uasset" 103
"../../../../../../Users/chloe/Documents/GitHub/Unit2BCollaborativeProject/Content/Assets/Materials/M_Faller_02b.uasset" 104
"../../../../../../Users/chloe/Documents/GitHub/Unit2BCollaborativeProject/Content/Assets/Meshes/SM_Faller_02b.uasset" 105
"../../../../../../Users/chloe/Documents/GitHub/Unit2BCollaborativeProject/Content/Assets/Textures/M_Faller_02c_BaseColor.uasset" 106
"../../../../../../Users/chloe/Documents/GitHub/Unit2BCollaborativeProject/Content/Assets/Textures/M_Faller_02c_Normal.uasset" 107
"../../../../../../Users/chloe/Documents/GitHub/Unit2BCollaborativeProject/Content/Assets/Textures/M_Faller_02c_OcclusionRoughnessMetallic.uasset" 108
"../../../../../../Users/chloe/Documents/GitHub/Unit2BCollaborativeProject/Content/Assets/Materials/M_Faller_02c.uasset" 109
"../../../../../../Users/chloe/Documents/GitHub/Unit2BCollaborativeProject/Content/Assets/Meshes/SM_Faller_02c.uasset" 110
"../../../../../../Users/chloe/Documents/GitHub/Unit2BCollaborativeProject/Content/Blueprints/IceCaps/Enum_CrumblingIcebergTypes.uasset" 111
"../../../../../../Users/chloe/Documents/GitHub/Unit2BCollaborativeProject/Content/Blueprints/IceCaps/BP_Crumbling_IceCap.uasset" 112
"../../../../../../Users/chloe/Documents/GitHub/Unit2BCollaborativeProject/Content/Blueprints/IceCaps/BP_CrumblingIceCapSpawner.uasset" 113
"../../../../../../Users/chloe/Documents/GitHub/Unit2BCollaborativeProject/Content/Assets/Textures/M_FlatIce_01a_BaseColor.uasset" 114
"../../../../../../Users/chloe/Documents/GitHub/Unit2BCollaborativeProject/Content/Assets/Textures/M_FlatIce_01a_Normal.uasset" 115
"../../../../../../Users/chloe/Documents/GitHub/Unit2BCollaborativeProject/Content/Assets/Textures/M_FlatIce_01a_OcclusionRoughnessMetallic.uasset" 116
"../../../../../../Users/chloe/Documents/GitHub/Unit2BCollaborativeProject/Content/Assets/Materials/M_FlatIce_01a.uasset" 117
"../../../../../../Users/chloe/Documents/GitHub/Unit2BCollaborativeProject/Content/Assets/Meshes/SM_FlatIce_01a.uasset" 118
"../../../../../../Users/chloe/Documents/GitHub/Unit2BCollaborativeProject/Content/Blueprints/IceCaps/BP_Shrinking_IceCap.uasset" 119
"../../../../../../Users/chloe/Documents/GitHub/Unit2BCollaborativeProject/Content/Assets/Textures/M_FlatIce_02a_BaseColor.uasset" 120
"../../../../../../Users/chloe/Documents/GitHub/Unit2BCollaborativeProject/Content/Assets/Textures/M_FlatIce_02a_Normal.uasset" 121
"../../../../../../Users/chloe/Documents/GitHub/Unit2BCollaborativeProject/Content/Assets/Textures/M_FlatIce_02a_OcclusionRoughnessMetallic.uasset" 122
"../../../../../../Users/chloe/Documents/GitHub/Unit2BCollaborativeProject/Content/Assets/Materials/M_FlatIce_02a.uasset" 123
"../../../../../../Users/chloe/Documents/GitHub/Unit2BCollaborativeProject/Content/Assets/Meshes/SM_FlatIce_02a.uasset" 124
"../../../../../../Users/chloe/Documents/GitHub/Unit2BCollaborativeProject/Content/Assets/Textures/M_FlatIce_03a_BaseColor.uasset" 125
"../../../../../../Users/chloe/Documents/GitHub/Unit2BCollaborativeProject/Content/Assets/Textures/M_FlatIce_03a_Normal.uasset" 126
"../../../../../../Users/chloe/Documents/GitHub/Unit2BCollaborativeProject/Content/Assets/Textures/M_FlatIce_03a_OcclusionRoughnessMetallic.uasset" 127
"../../../../../../Users/chloe/Documents/GitHub/Unit2BCollaborativeProject/Content/Assets/Materials/M_FlatIce_03a.uasset" 128
"../../../../../../Users/chloe/Documents/GitHub/Unit2BCollaborativeProject/Content/Assets/Meshes/SM_FlatIce_03a.uasset" 129
"../../../../../../Users/chloe/Documents/GitHub/Unit2BCollaborativeProject/Content/Assets/Textures/M_Iceberg_01a_BaseColor.uasset" 130
"../../../../../../Users/chloe/Documents/GitHub/Unit2BCollaborativeProject/Content/Assets/Textures/M_Iceberg_01a_Normal.uasset" 131
"../../../../../../Users/chloe/Documents/GitHub/Unit2BCollaborativeProject/Content/Assets/Textures/M_Iceberg_01a_OcclusionRoughnessMetallic.uasset" 132
"../../../../../../Users/chloe/Documents/GitHub/Unit2BCollaborativeProject/Content/Assets/Materials/M_Iceberg_01a.uasset" 133
"../../../../../../Users/chloe/Documents/GitHub/Unit2BCollaborativeProject/Content/Assets/Meshes/SM_Iceberg_01a.uasset" 134
"../../../../../../Users/chloe/Documents/GitHub/Unit2BCollaborativeProject/Content/Assets/Textures/M_Iceberg_02a_BaseColor.uasset" 135
"../../../../../../Users/chloe/Documents/GitHub/Unit2BCollaborativeProject/Content/Assets/Textures/M_Iceberg_02a_Normal.uasset" 136
"../../../../../../Users/chloe/Documents/GitHub/Unit2BCollaborativeProject/Content/Assets/Textures/M_Iceberg_02a_OcclusionRoughnessMetallic.uasset" 137
"../../../../../../Users/chloe/Documents/GitHub/Unit2BCollaborativeProject/Content/Assets/Materials/M_Iceberg_02a.uasset" 138
"../../../../../../Users/chloe/Documents/GitHub/Unit2BCollaborativeProject/Content/Assets/Meshes/SM_Iceberg_02a.uasset" 139
"../../../../../../Users/chloe/Documents/GitHub/Unit2BCollaborativeProject/Content/Assets/Textures/M_Iceberg_03a_BaseColor.uasset" 140
"../../../../../../Users/chloe/Documents/GitHub/Unit2BCollaborativeProject/Content/Assets/Textures/M_Iceberg_03a_Normal.uasset" 141
"../../../../../../Users/chloe/Documents/GitHub/Unit2BCollaborativeProject/Content/Assets/Textures/M_Iceberg_03a_OcclusionRoughnessMetallic.uasset" 142
"../../../../../../Users/chloe/Documents/GitHub/Unit2BCollaborativeProject/Content/Assets/Materials/M_Iceberg_03a.uasset" 143
"../../../../../../Users/chloe/Documents/GitHub/Unit2BCollaborativeProject/Content/Assets/Meshes/SM_Iceberg_03a.uasset" 144
"../../../../../../Users/chloe/Documents/GitHub/Unit2BCollaborativeProject/Content/Blueprints/IceCaps/Struct_IcebergTypes.uasset" 145
"../../../../../../Users/chloe/Documents/GitHub/Unit2BCollaborativeProject/Content/Blueprints/IceCaps/DT_IcebergTypes.uasset" 146
"../../../../../../Users/chloe/Documents/GitHub/Unit2BCollaborativeProject/Content/Blueprints/IceCaps/Enum_IcebergTypes.uasset" 147
"../../../../../../Users/chloe/Documents/GitHub/Unit2BCollaborativeProject/Content/Blueprints/IceCaps/BP_ShrinkingIceCapSpawner.uasset" 148
"../../../../../../Users/chloe/Documents/GitHub/Unit2BCollaborativeProject/Content/Blueprints/IceCaps/Struct_CrumblingIcebergTypes.uasset" 149
"../../../../../../Users/chloe/Documents/GitHub/Unit2BCollaborativeProject/Content/Assets/Textures/M_Fish_01a_BaseColor.uasset" 150
"../../../../../../Users/chloe/Documents/GitHub/Unit2BCollaborativeProject/Content/Assets/Textures/M_Fish_01a_Normal.uasset" 151
"../../../../../../Users/chloe/Documents/GitHub/Unit2BCollaborativeProject/Content/Assets/Textures/M_Fish_01a_OcclusionRoughnessMetallic.uasset" 152
"../../../../../../Users/chloe/Documents/GitHub/Unit2BCollaborativeProject/Content/Assets/Materials/M_Fish_01a.uasset" 153
"../../../../../../Users/chloe/Documents/GitHub/Unit2BCollaborativeProject/Content/Assets/Materials/lambert1.uasset" 154
"../../../../../../Users/chloe/Documents/GitHub/Unit2BCollaborativeProject/Content/Assets/Meshes/SM_Fish_01a.uasset" 155
"../../../../../../Users/chloe/Documents/GitHub/Unit2BCollaborativeProject/Content/Assets/Textures/M_Krill_Base_Color.uasset" 156
"../../../../../../Users/chloe/Documents/GitHub/Unit2BCollaborativeProject/Content/Assets/Materials/M_Krill.uasset" 157
"../../../../../../Users/chloe/Documents/GitHub/Unit2BCollaborativeProject/Content/Assets/Meshes/SM_Krill_01a.uasset" 158
"../../../../../../Users/chloe/Documents/GitHub/Unit2BCollaborativeProject/Content/Blueprints/Items/HealthItems/Struct_HealthItems.uasset" 159
"../../../../../../Users/chloe/Documents/GitHub/Unit2BCollaborativeProject/Content/Blueprints/Items/HealthItems/DT_HealthItems.uasset" 160
"../../../../../../Users/chloe/Documents/GitHub/Unit2BCollaborativeProject/Content/Blueprints/Items/HealthItems/Enum_HealthItems.uasset" 161
"../../../../../../Users/chloe/Documents/GitHub/Unit2BCollaborativeProject/Content/Blueprints/Items/HealthItems/BP_HealthItem.uasset" 162
"../../../../../../Users/chloe/Documents/GitHub/Unit2BCollaborativeProject/Content/Blueprints/Items/BP_HealthItem.uasset" 163
"../../../../../../Users/chloe/Documents/GitHub/Unit2BCollaborativeProject/Content/Blueprints/Items/Enum_HealthItems.uasset" 164
"../../../../../../Users/chloe/Documents/GitHub/Unit2BCollaborativeProject/Content/Blueprints/Items/Struct_HealthItems.uasset" 165
"../../../../../../Users/chloe/Documents/GitHub/Unit2BCollaborativeProject/Content/Geometry/Meshes/CubeMaterial.uasset" 166
"../../../../../../Users/chloe/Documents/GitHub/Unit2BCollaborativeProject/Content/Geometry/Meshes/1M_Cube.uasset" 167
"../../../../../../Users/chloe/Documents/GitHub/Unit2BCollaborativeProject/Content/Geometry/Meshes/1M_Cube_Chamfer.uasset" 168
"../../../../../../Users/chloe/Documents/GitHub/Unit2BCollaborativeProject/Content/Levels/StartScreen.uasset" 169
"../../../../../../Users/chloe/Documents/GitHub/Unit2BCollaborativeProject/Content/Mannequin/Character/Mesh/UE4_Mannequin_Skeleton.uasset" 170
"../../../../../../Users/chloe/Documents/GitHub/Unit2BCollaborativeProject/Content/Mannequin/Animations/ThirdPersonJump_End.uasset" 171
"../../../../../../Users/chloe/Documents/GitHub/Unit2BCollaborativeProject/Content/Mannequin/Animations/ThirdPerson_Jump.uasset" 172
"../../../../../../Users/chloe/Documents/GitHub/Unit2BCollaborativeProject/Content/Mannequin/Animations/ThirdPersonJump_Loop.uasset" 173
"../../../../../../Users/chloe/Documents/GitHub/Unit2BCollaborativeProject/Content/Mannequin/Animations/ThirdPersonJump_Start.uasset" 174
"../../../../../../Users/chloe/Documents/GitHub/Unit2BCollaborativeProject/Content/Mannequin/Animations/ThirdPersonIdle.uasset" 175
"../../../../../../Users/chloe/Documents/GitHub/Unit2BCollaborativeProject/Content/Mannequin/Animations/ThirdPersonRun.uasset" 176
"../../../../../../Users/chloe/Documents/GitHub/Unit2BCollaborativeProject/Content/Mannequin/Animations/ThirdPersonWalk.uasset" 177
"../../../../../../Users/chloe/Documents/GitHub/Unit2BCollaborativeProject/Content/Mannequin/Animations/ThirdPerson_IdleRun_2D.uasset" 178
"../../../../../../Users/chloe/Documents/GitHub/Unit2BCollaborativeProject/Content/Mannequin/Animations/ThirdPerson_AnimBP.uasset" 179
"../../../Engine/Content/Functions/Engine_MaterialFunctions02/Utility/BlendAngleCorrectedNormals.uasset" 180
"../../../Engine/Content/Functions/MaterialLayerFunctions/MatLayerBlend_NormalBlend.uasset" 181
"../../../Engine/Content/Functions/MaterialLayerFunctions/MatLayerBlend_Simple.uasset" 182
"../../../../../../Users/chloe/Documents/GitHub/Unit2BCollaborativeProject/Content/Mannequin/Character/Materials/MaterialLayers/T_ML_Rubber_Blue_01_D.uasset" 183
"../../../../../../Users/chloe/Documents/GitHub/Unit2BCollaborativeProject/Content/Mannequin/Character/Materials/MaterialLayers/T_ML_Rubber_Blue_01_N.uasset" 184
"../../../../../../Users/chloe/Documents/GitHub/Unit2BCollaborativeProject/Content/Mannequin/Character/Materials/MaterialLayers/ML_GlossyBlack_Latex_UE4.uasset" 185
"../../../../../../Users/chloe/Documents/GitHub/Unit2BCollaborativeProject/Content/Mannequin/Character/Materials/MaterialLayers/ML_Plastic_Shiny_Beige.uasset" 186
"../../../../../../Users/chloe/Documents/GitHub/Unit2BCollaborativeProject/Content/Mannequin/Character/Textures/UE4_LOGO_CARD.uasset" 187
"../../../../../../Users/chloe/Documents/GitHub/Unit2BCollaborativeProject/Content/Mannequin/Character/Materials/MaterialLayers/ML_Plastic_Shiny_Beige_LOGO.uasset" 188
"../../../../../../Users/chloe/Documents/GitHub/Unit2BCollaborativeProject/Content/Mannequin/Character/Materials/MaterialLayers/T_ML_Aluminum01.uasset" 189
"../../../../../../Users/chloe/Documents/GitHub/Unit2BCollaborativeProject/Content/Mannequin/Character/Materials/MaterialLayers/T_ML_Aluminum01_N.uasset" 190
"../../../../../../Users/chloe/Documents/GitHub/Unit2BCollaborativeProject/Content/Mannequin/Character/Materials/MaterialLayers/ML_SoftMetal_UE4.uasset" 191
"../../../../../../Users/chloe/Documents/GitHub/Unit2BCollaborativeProject/Content/Mannequin/Character/Textures/UE4_Mannequin__normals.uasset" 192
"../../../../../../Users/chloe/Documents/GitHub/Unit2BCollaborativeProject/Content/Mannequin/Character/Textures/UE4_Mannequin_MAT_MASKA.uasset" 193
"../../../../../../Users/chloe/Documents/GitHub/Unit2BCollaborativeProject/Content/Mannequin/Character/Materials/M_UE4Man_Body.uasset" 194
"../../../../../../Users/chloe/Documents/GitHub/Unit2BCollaborativeProject/Content/Mannequin/Character/Textures/UE4Man_Logo_N.uasset" 195
"../../../../../../Users/chloe/Documents/GitHub/Unit2BCollaborativeProject/Content/Mannequin/Character/Materials/M_UE4Man_ChestLogo.uasset" 196
"../../../../../../Users/chloe/Documents/GitHub/Unit2BCollaborativeProject/Content/Mannequin/Character/Mesh/SK_Mannequin_PhysicsAsset.uasset" 197
"../../../../../../Users/chloe/Documents/GitHub/Unit2BCollaborativeProject/Content/Mannequin/Character/Mesh/SK_Mannequin.uasset" 198
"../../../../../../Users/chloe/Documents/GitHub/Unit2BCollaborativeProject/Content/ThirdPerson/Meshes/RampMaterial.uasset" 199
"../../../../../../Users/chloe/Documents/GitHub/Unit2BCollaborativeProject/Content/ThirdPerson/Meshes/Bump_StaticMesh.uasset" 200
"../../../../../../Users/chloe/Documents/GitHub/Unit2BCollaborativeProject/Content/ThirdPerson/Meshes/LeftArm_StaticMesh.uasset" 201
"../../../../../../Users/chloe/Documents/GitHub/Unit2BCollaborativeProject/Content/ThirdPerson/Meshes/Linear_Stair_StaticMesh.uasset" 202
"../../../../../../Users/chloe/Documents/GitHub/Unit2BCollaborativeProject/Content/ThirdPerson/Meshes/Ramp_StaticMesh.uasset" 203
"../../../../../../Users/chloe/Documents/GitHub/Unit2BCollaborativeProject/Content/ThirdPerson/Meshes/RightArm_StaticMesh.uasset" 204
"../../../../../../Users/chloe/Documents/GitHub/Unit2BCollaborativeProject/Content/ThirdPersonBP/ThirdPersonOverview.uasset" 205
"../../../../../../Users/chloe/Documents/GitHub/Unit2BCollaborativeProject/Content/ThirdPersonBP/Blueprints/ThirdPersonGameMode.uasset" 206
"../../../../../../Users/chloe/Documents/GitHub/Unit2BCollaborativeProject/Content/UI/WBP_Scoreboard_Row.uasset" 207
"../../../../../../Users/chloe/Documents/GitHub/Unit2BCollaborativeProject/Content/UI/WBP_EndLevel.uasset" 208
"../../../../../../Users/chloe/Documents/GitHub/Unit2BCollaborativeProject/Content/UI/WBP_EndScreen.uasset" 209
"../../../../../../Users/chloe/Documents/GitHub/Unit2BCollaborativeProject/Content/UI/WBP_StartLevel.uasset" 210
"../../../../../../Users/chloe/Documents/GitHub/Unit2BCollaborativeProject/Content/UI/WBP_StartScreen.uasset" 211
"../../../Engine/Content/Animation/DefaultAnimCurveCompressionSettings.uasset" 212
"../../../Engine/Content/Functions/Engine_MaterialFunctions01/Opacity/CameraDepthFade.uasset" 213
"../../../Engine/Content/EngineMaterials/T_Default_Material_Grid_M.uasset" 214
"../../../Engine/Content/EngineMaterials/T_Default_Material_Grid_N.uasset" 215
"../../../Engine/Content/EngineMaterials/WorldGridMaterial.uasset" 216
"../../../Engine/Content/ArtTools/RenderToTexture/Meshes/S_1_Unit_Plane.uasset" 217
"../../../Engine/Content/EngineMaterials/DefaultMaterial.uasset" 218
"../../../Engine/Content/BasicShapes/Cone.uasset" 219
"../../../Engine/Content/BasicShapes/Cylinder.uasset" 220
"../../../Engine/Content/BasicShapes/Plane.uasset" 221
"../../../Engine/Content/BasicShapes/Sphere.uasset" 222
"../../../Engine/Content/EditorLandscapeResources/DataLayer.uasset" 223
"../../../Engine/Content/EditorMaterials/GizmoMaterial.uasset" 224
"../../../Engine/Content/EditorMaterials/MAT_Groups_Toggle.uasset" 225
"../../../Engine/Content/EditorMaterials/MAT_Groups_Visibility.uasset" 226
"../../../Engine/Content/EditorMaterials/PreviewShadowIndicator.uasset" 227
"../../../Engine/Content/EditorMaterials/PreviewShadowIndicatorMaterial.uasset" 228
"../../../Engine/Content/EditorMaterials/MatineeGroups/MAT_ColorTrack.uasset" 229
"../../../Engine/Content/EditorMaterials/MatineeGroups/MAT_Groups_Anim.uasset" 230
"../../../Engine/Content/EditorMaterials/MatineeGroups/MAT_Groups_AudioMaster.uasset" 231
"../../../Engine/Content/EditorMaterials/MatineeGroups/MAT_Groups_Director.uasset" 232
"../../../Engine/Content/EditorMaterials/MatineeGroups/MAT_Groups_Event.uasset" 233
"../../../Engine/Content/EditorMaterials/MatineeGroups/MAT_Groups_Fade.uasset" 234
"../../../Engine/Content/EditorMaterials/MatineeGroups/MAT_Groups_Float.uasset" 235
"../../../Engine/Content/EditorMaterials/MatineeGroups/MAT_Groups_Move.uasset" 236
"../../../Engine/Content/EditorMaterials/MatineeGroups/MAT_Groups_Slomo.uasset" 237
"../../../Engine/Content/EditorMaterials/MatineeGroups/MAT_Groups_Sound.uasset" 238
"../../../Engine/Content/EditorMaterials/MatineeGroups/MAT_Groups_Vector.uasset" 239
"../../../Engine/Content/EditorMaterials/ParticleSystems/PSysThumbnail_NoImage.uasset" 240
"../../../Engine/Content/EditorMaterials/ParticleSystems/PSysThumbnail_OOD.uasset" 241
"../../../Engine/Content/EditorMaterials/Camera/CineMat.uasset" 242
"../../../Engine/Content/EditorMaterials/Camera/MI_CineMat_Rig.uasset" 243
"../../../Engine/Content/EditorMeshes/Camera/SM_CraneRig_Arm.uasset" 244
"../../../Engine/Content/EditorMeshes/Camera/SM_CraneRig_Base.uasset" 245
"../../../Engine/Content/EditorMeshes/Camera/SM_CraneRig_Body.uasset" 246
"../../../Engine/Content/EditorMeshes/Camera/SM_CraneRig_Mount.uasset" 247
"../../../Engine/Content/EditorMeshes/Camera/SM_RailRig_Mount.uasset" 248
"../../../Engine/Content/EditorMeshes/Camera/SM_RailRig_Track.uasset" 249
"../../../Engine/Content/EditorResources/BSPVertex.uasset" 250
"../../../Engine/Content/EditorResources/EmptyActor.uasset" 251
"../../../Engine/Content/EditorResources/S_Actor.uasset" 252
"../../../Engine/Content/EditorResources/S_Note.uasset" 253
"../../../Engine/Content/EditorResources/S_Solver.uasset" 254
"../../../Engine/Content/EditorResources/S_Trigger.uasset" 255
"../../../Engine/Content/EditorResources/LightIcons/S_LightError.uasset" 256
"../../../Engine/Content/EditorResources/SequenceRecorder/Countdown.uasset" 257
"../../../Engine/Content/EditorResources/SequenceRecorder/RecordingIndicator.uasset" 258
"../../../Engine/Content/EditorSounds/Notifications/CompileFailed.uasset" 259
"../../../Engine/Content/EditorSounds/Notifications/CompileFailed_Cue.uasset" 260
"../../../Engine/Content/EditorSounds/Notifications/CompileSuccess.uasset" 261
"../../../Engine/Content/EditorSounds/Notifications/CompileStart_Cue.uasset" 262
"../../../Engine/Content/EditorSounds/Notifications/CompileSuccess_Cue.uasset" 263
"../../../Engine/Content/EngineDamageTypes/DmgTypeBP_Environmental.uasset" 264
"../../../Engine/Content/EngineDebugMaterials/HeatmapGradient.uasset" 265
"../../../Engine/Content/EngineDebugMaterials/BoneWeightMaterial.uasset" 266
"../../../Engine/Content/EngineDebugMaterials/ClothMaterial.uasset" 267
"../../../Engine/Content/EngineDebugMaterials/ClothMaterial_WF.uasset" 268
"../../../Engine/Content/EngineDebugMaterials/DebugEditorMaterial.uasset" 269
"../../../Engine/Content/EngineDebugMaterials/DebugMeshMaterial.uasset" 270
"../../../Engine/Content/EngineDebugMaterials/GeomMaterial.uasset" 271
"../../../Engine/Content/EngineDebugMaterials/M_SimpleTranslucent.uasset" 272
"../../../Engine/Content/Functions/Engine_MaterialFunctions02/Utility/CameraDirectionVector.uasset" 273
"../../../Engine/Content/EngineDebugMaterials/VolumeToRender.uasset" 274
"../../../Engine/Content/EngineDebugMaterials/M_VolumeRenderSphereTracePP.uasset" 275
"../../../Engine/Content/EngineDebugMaterials/WireframeMaterial.uasset" 276
"../../../Engine/Content/EngineFonts/Faces/RobotoBold.uasset" 277
"../../../Engine/Content/EngineFonts/Faces/RobotoBoldItalic.uasset" 278
"../../../Engine/Content/EngineFonts/Faces/RobotoItalic.uasset" 279
"../../../Engine/Content/EngineFonts/Faces/RobotoLight.uasset" 280
"../../../Engine/Content/EngineFonts/Faces/RobotoRegular.uasset" 281
"../../../Engine/Content/EngineFonts/Roboto.uasset" 282
"../../../Engine/Content/EngineMaterials/BaseFlattenDiffuseMap.uasset" 283
"../../../Engine/Content/EngineMaterials/BaseFlattenEmissiveMap.uasset" 284
"../../../Engine/Content/EngineMaterials/BaseFlattenGrayscaleMap.uasset" 285
"../../../Engine/Content/EngineMaterials/BaseFlattenNormalMap.uasset" 286
"../../../Engine/Content/EngineMaterials/BaseFlattenMaterial.uasset" 287
"../../../Engine/Content/EngineMaterials/BlueNoise.uasset" 288
"../../../Engine/Content/EngineMaterials/DefaultBloomKernel.uasset" 289
"../../../Engine/Content/EngineMaterials/DefaultBokeh.uasset" 290
"../../../Engine/Content/EngineMaterials/DefaultDiffuse.uasset" 291
"../../../Engine/Content/EngineMaterials/DefaultDeferredDecalMaterial.uasset" 292
"../../../Engine/Content/EngineMaterials/DefaultLightFunctionMaterial.uasset" 293
"../../../Engine/Content/EngineMaterials/DefaultPhysicalMaterial.uasset" 294
"../../../Engine/Content/Functions/Engine_MaterialFunctions02/Utility/BreakOutFloat2Components.uasset" 295
"../../../Engine/Content/EngineMaterials/DefaultPostProcessMaterial.uasset" 296
"../../../Engine/Content/EngineFonts/RobotoDistanceField.uasset" 297
"../../../Engine/Content/EngineMaterials/DefaultTextMaterialOpaque.uasset" 298
"../../../Engine/Content/EngineMaterials/DefaultVirtualTextureMaterial.uasset" 299
"../../../Engine/Content/EngineMaterials/DefaultWhiteGrid.uasset" 300
"../../../Engine/Content/EngineMaterials/EditorBrushMaterial.uasset" 301
"../../../Engine/Content/EngineMaterials/DefaultWhiteGrid_Low.uasset" 302
"../../../Engine/Content/EngineMaterials/EmissiveMeshMaterial.uasset" 303
"../../../Engine/Content/EngineMaterials/Good64x64TilingNoiseHighFreq.uasset" 304
"../../../Engine/Content/EngineMaterials/MiniFont.uasset" 305
"../../../Engine/Content/EngineMaterials/InvalidLightmapSettings.uasset" 306
"../../../Engine/Content/EngineMaterials/M_InvalidLightmapSettings.uasset" 307
"../../../Engine/Content/Functions/Engine_MaterialFunctions02/WorldPositionOffset/CameraOffset.uasset" 308
"../../../Engine/Content/EngineMaterials/PhAT_JointLimitMaterial.uasset" 309
"../../../Engine/Content/EngineMaterials/PreintegratedSkinBRDF.uasset" 310
"../../../Engine/Content/EngineMaterials/RemoveSurfaceMaterial.uasset" 311
"../../../Engine/Content/EngineMaterials/WeightMapPlaceholderTexture.uasset" 312
"../../../Engine/Content/EngineResources/WhiteSquareTexture.uasset" 313
"../../../Engine/Content/EngineMaterials/Widget3DPassThrough.uasset" 314
"../../../Engine/Content/EngineMaterials/Widget3DPassThrough_Masked.uasset" 315
"../../../Engine/Content/EngineMaterials/Widget3DPassThrough_Opaque.uasset" 316
"../../../Engine/Content/EngineMaterials/Widget3DPassThrough_Masked_OneSided.uasset" 317
"../../../Engine/Content/EngineMaterials/Widget3DPassThrough_Opaque_OneSided.uasset" 318
"../../../Engine/Content/EngineMaterials/Widget3DPassThrough_Translucent.uasset" 319
"../../../Engine/Content/EngineMaterials/Widget3DPassThrough_Translucent_OneSided.uasset" 320
"../../../Engine/Content/EngineMeshes/Cylinder.uasset" 321
"../../../Engine/Content/EngineMeshes/Sphere.uasset" 322
"../../../Engine/Content/EngineResources/Black.uasset" 323
"../../../Engine/Content/EngineResources/DefaultTexture.uasset" 324
"../../../Engine/Content/EngineResources/DefaultTextureCube.uasset" 325
"../../../Engine/Content/EngineResources/DefaultVolumeTexture2D.uasset" 326
"../../../Engine/Content/EngineResources/DefaultVolumeTexture.uasset" 327
"../../../Engine/Content/EngineResources/GradientTexture0.uasset" 328
"../../../Engine/Content/EngineSounds/Master.uasset" 329
"../../../Engine/Content/Functions/Engine_MaterialFunctions01/Shading/ConvertFromDiffSpec.uasset" 330
"../../../Engine/Content/Functions/Engine_MaterialFunctions01/Shading/PowerToRoughness.uasset" 331
"../../../Engine/Content/Maps/Templates/Thumbnails/Default.uasset" 332
"../../../Engine/Content/Maps/Templates/Thumbnails/VR-Basic.uasset" 333
"../../../Engine/Content/MobileResources/T_MobileControls_texture.uasset" 334
"../../../Engine/Content/MobileResources/T_MobileMenu2.uasset" 335
"../../../Engine/Content/MobileResources/HUD/AnalogHat.uasset" 336
"../../../Engine/Content/MobileResources/HUD/VirtualJoystick_Background.uasset" 337
"../../../Engine/Content/MobileResources/HUD/VirtualJoystick_Thumb.uasset" 338
"../../../Engine/Content/MobileResources/HUD/DefaultVirtualJoysticks.uasset" 339
"../../../Engine/Content/MobileResources/HUD/LeftVirtualJoystickOnly.uasset" 340
"../../../Engine/Content/MobileResources/HUD/MobileHUDButton1_off.uasset" 341
"../../../Engine/Content/MobileResources/HUD/MobileHUDButton1_on.uasset" 342
"../../../Engine/Content/MobileResources/HUD/MobileHUDButton2_off.uasset" 343
"../../../Engine/Content/MobileResources/HUD/MobileHUDButton2_on.uasset" 344
"../../../Engine/Content/MobileResources/HUD/MobileHUDButton3.uasset" 345
"../../../Engine/Content/MobileResources/HUD/MobileHUDButtonFire.uasset" 346
"../../../Engine/Content/MobileResources/HUD/MobileHUDDirectionPad.uasset" 347
"../../../Engine/Content/MobileResources/HUD/MobileHUDDirectionPad2.uasset" 348
"../../../Engine/Content/MobileResources/HUD/MobileHUDDirectionPad3.uasset" 349
"../../../Engine/Content/MobileResources/HUD/MobileHUDDirectionStick.uasset" 350
"../../../Engine/Content/MobileResources/HUD/T_Castle_ThumbstickInner.uasset" 351
"../../../Engine/Content/MobileResources/HUD/T_Castle_ThumbstickOutter.uasset" 352
"../../../Engine/Content/Tutorial/ContentIntroCurve.uasset" 353
"../../../Engine/Content/Tutorial/Basics/LevelEditorAttract.uasset" 354
"../../../Engine/Content/Tutorial/Installation/InstallingVisualStudioTutorial.uasset" 355
"../../../Engine/Content/VREditor/LaserPointer/VR_LaserPower_01.uasset" 356
"../../../Engine/Content/VREditor/TransformGizmo/TransformGizmoMaterial.uasset" 357
"../../../Engine/Content/VREditor/TransformGizmo/TranslucentTransformGizmoMaterial.uasset" 358
"../../../Engine/Content/VREditor/TransformGizmo/BoundingBoxCorner.uasset" 359
"../../../Engine/Content/VREditor/TransformGizmo/BoundingBoxEdge.uasset" 360
"../../../Engine/Content/VREditor/TransformGizmo/PlaneTranslationHandle.uasset" 361
"../../../Engine/Content/VREditor/TransformGizmo/Main.uasset" 362
"../../../Engine/Content/VREditor/TransformGizmo/Xray.uasset" 363
"../../../Engine/Content/VREditor/TransformGizmo/SM_Sequencer_Key.uasset" 364
"../../../Engine/Content/VREditor/TransformGizmo/SM_Sequencer_Node.uasset" 365
"../../Plugins/2D/Paper2D/Content/PlaceholderTextures/DummySpriteTexture.uasset" 366
"../../Plugins/2D/Paper2D/Content/DummySprite.uasset" 367
"../../Plugins/2D/Paper2D/Content/DefaultPaperTerrainMaterial.uasset" 368
"../../Plugins/2D/Paper2D/Content/DummySpriteTexture.uasset" 369
"../../Plugins/2D/Paper2D/Content/DefaultSpriteMaterial.uasset" 370
"../../Plugins/2D/Paper2D/Content/MaskedUnlitSpriteMaterial.uasset" 371
"../../Plugins/2D/Paper2D/Content/OpaqueUnlitSpriteMaterial.uasset" 372
"../../Plugins/Runtime/Oculus/OculusVR/Content/OculusMR_RenderTarget.uasset" 373
"../../../Engine/Content/Functions/Engine_MaterialFunctions02/Utility/BreakOutFloat4Components.uasset" 374
"../../../Engine/Content/Functions/Engine_MaterialFunctions02/Utility/MakeFloat2.uasset" 375
"../../../Engine/Content/Functions/Engine_MaterialFunctions02/Utility/MakeFloat3.uasset" 376
"../../Plugins/Runtime/Oculus/OculusVR/Content/Materials/OculusMR_ChromaKey.uasset" 377
"../../Plugins/Runtime/Oculus/OculusVR/Content/Materials/OculusMR_ChromaKey_Lit.uasset" 378
"../../Plugins/Runtime/Oculus/OculusVR/Content/Materials/OculusMR_OpaqueColoredMaterial.uasset" 379
"../../Plugins/Runtime/Oculus/OculusVR/Content/Materials/OculusMR_WhiteMaterial.uasset" 380
"../../../../../../Users/chloe/Documents/GitHub/Unit2BCollaborativeProject/Content/Levels/EndLevel.umap" 381
"../../../../../../Users/chloe/Documents/GitHub/Unit2BCollaborativeProject/Content/UI/WBP_GameOverScreen.uasset" 382
"../../../../../../Users/chloe/Documents/GitHub/Unit2BCollaborativeProject/Content/Levels/GAME_OVER.umap" 383
"../../../Engine/Content/EngineSky/C_Sky_Cloud_Color.uasset" 384
"../../../Engine/Content/EngineSky/C_Sky_Horizon_Color.uasset" 385
"../../../Engine/Content/EngineSky/C_Sky_Zenith_Color.uasset" 386
"../../../Engine/Content/EngineSky/T_Sky_Blue.uasset" 387
"../../../Engine/Content/EngineSky/T_Sky_Clouds_M.uasset" 388
"../../../Engine/Content/EngineSky/T_Sky_Stars.uasset" 389
"../../../Engine/Content/EngineSky/M_Sky_Panning_Clouds2.uasset" 390
"../../../Engine/Content/EngineSky/SM_SkySphere.uasset" 391
"../../../Engine/Content/EngineSky/BP_Sky_Sphere.uasset" 392
"../../../../../../Users/chloe/Documents/GitHub/Unit2BCollaborativeProject/Content/Assets/Textures/M_Tree_01c_BaseColor.uasset" 393
"../../../../../../Users/chloe/Documents/GitHub/Unit2BCollaborativeProject/Content/Assets/Textures/M_Tree_01c_Normal.uasset" 394
"../../../../../../Users/chloe/Documents/GitHub/Unit2BCollaborativeProject/Content/Assets/Textures/M_Tree_01c_OcclusionRoughnessMetallic.uasset" 395
"../../../../../../Users/chloe/Documents/GitHub/Unit2BCollaborativeProject/Content/Assets/Materials/M_Tree_01c.uasset" 396
"../../../Engine/Content/BasicShapes/Cube.uasset" 397
"../../../../../../Users/chloe/Documents/GitHub/Unit2BCollaborativeProject/Content/Blueprints/BP_End_Checkpoint.uasset" 398
"../../../../../../Users/chloe/Documents/GitHub/Unit2BCollaborativeProject/Content/Geometry/Meshes/TemplateFloor.uasset" 399
"../../../../../../Users/chloe/Documents/GitHub/Unit2BCollaborativeProject/Content/Blueprints/BP_Water.uasset" 400
"../../../../../../Users/chloe/Documents/GitHub/Unit2BCollaborativeProject/Content/Blueprints/IceCaps/BP_HorizontalMovingIceCap.uasset" 401
"../../../../../../Users/chloe/Documents/GitHub/Unit2BCollaborativeProject/Content/Blueprints/IceCaps/BP_StationaryIceCap.uasset" 402
"../../../../../../Users/chloe/Documents/GitHub/Unit2BCollaborativeProject/Content/Blueprints/IceCaps/BP_VerticalMovingIceCap.uasset" 403
"../../../../../../Users/chloe/Documents/GitHub/Unit2BCollaborativeProject/Content/Assets/Meshes/Old/SM_Peng_Skeleton.uasset" 404
"../../../../../../Users/chloe/Documents/GitHub/Unit2BCollaborativeProject/Content/Blueprints/Items/Enum_NormalItems.uasset" 405
"../../../../../../Users/chloe/Documents/GitHub/Unit2BCollaborativeProject/Content/Blueprints/Items/Struct_NormalItems.uasset" 406
"../../../../../../Users/chloe/Documents/GitHub/Unit2BCollaborativeProject/Content/Blueprints/Items/DT_NormalItems.uasset" 407
"../../../../../../Users/chloe/Documents/GitHub/Unit2BCollaborativeProject/Content/Assets/Meshes/Old/SM_Peng_Spine.uasset" 408
"../../../../../../Users/chloe/Documents/GitHub/Unit2BCollaborativeProject/Content/Blueprints/Items/BP_NormalItem.uasset" 409
"../../../../../../Users/chloe/Documents/GitHub/Unit2BCollaborativeProject/Content/Levels/Level1_BuiltData.uasset" 410
"../../../Engine/Content/Functions/Engine_MaterialFunctions02/Math/TimeWithSpeedVariable.uasset" 411
"../../../../../../Users/chloe/Documents/GitHub/Unit2BCollaborativeProject/Content/Assets/LowResBlurredNoise.uasset" 412
"../../../../../../Users/chloe/Documents/GitHub/Unit2BCollaborativeProject/Content/Assets/M_WaterGrid.uasset" 413
"../../../../../../Users/chloe/Documents/GitHub/Unit2BCollaborativeProject/Content/Assets/Textures/M_FlatIce_04a_BaseColor.uasset" 414
"../../../../../../Users/chloe/Documents/GitHub/Unit2BCollaborativeProject/Content/Assets/Textures/M_FlatIce_04a_Normal.uasset" 415
"../../../../../../Users/chloe/Documents/GitHub/Unit2BCollaborativeProject/Content/Assets/Textures/M_FlatIce_04a_OcclusionRoughnessMetallic.uasset" 416
"../../../../../../Users/chloe/Documents/GitHub/Unit2BCollaborativeProject/Content/Assets/Materials/M_FlatIce_04a.uasset" 417
"../../../../../../Users/chloe/Documents/GitHub/Unit2BCollaborativeProject/Content/Assets/Meshes/SM_Cave_Block.uasset" 418
"../../../../../../Users/chloe/Documents/GitHub/Unit2BCollaborativeProject/Content/Assets/Meshes/SM_FlatIce_04a.uasset" 419
"../../../../../../Users/chloe/Documents/GitHub/Unit2BCollaborativeProject/Content/Assets/Textures/M_Igloo_Base_Color.uasset" 420
"../../../../../../Users/chloe/Documents/GitHub/Unit2BCollaborativeProject/Content/Assets/Materials/M_Igloo.uasset" 421
"../../../../../../Users/chloe/Documents/GitHub/Unit2BCollaborativeProject/Content/Assets/Meshes/SM_Igloo_01a.uasset" 422
"../../../../../../Users/chloe/Documents/GitHub/Unit2BCollaborativeProject/Content/Assets/SM_WaterGrid.uasset" 423
"../../../../../../Users/chloe/Documents/GitHub/Unit2BCollaborativeProject/Content/Levels/Level1.umap" 424
"../../../../../../Users/chloe/Documents/GitHub/Unit2BCollaborativeProject/Content/Levels/StartLevel.umap" 425
"../../../../../../Users/chloe/Documents/GitHub/Unit2BCollaborativeProject/Content/Levels/GameInstanceTest.uasset" 426
"../../../../../../Users/chloe/Documents/GitHub/Unit2BCollaborativeProject/Content/Levels/TestLevel_BuiltData.uasset" 427
"../../../Engine/Content/BasicShapes/BasicShapeMaterial.uasset" 428
"../../../../../../Users/chloe/Documents/GitHub/Unit2BCollaborativeProject/Content/Assets/Materials/Old/M_Ice.uasset" 429
"../../../../../../Users/chloe/Documents/GitHub/Unit2BCollaborativeProject/Content/Assets/Materials/M_Tree_01a.uasset" 430
"../../../../../../Users/chloe/Documents/GitHub/Unit2BCollaborativeProject/Content/Assets/Meshes/SM_Tree_01a.uasset" 431
"../../../../../../Users/chloe/Documents/GitHub/Unit2BCollaborativeProject/Content/Assets/Textures/M_Tree_01b_BaseColor.uasset" 432
"../../../../../../Users/chloe/Documents/GitHub/Unit2BCollaborativeProject/Content/Assets/Textures/M_Tree_01b_Normal.uasset" 433
"../../../../../../Users/chloe/Documents/GitHub/Unit2BCollaborativeProject/Content/Assets/Textures/M_Tree_01b_OcclusionRoughnessMetallic.uasset" 434
"../../../../../../Users/chloe/Documents/GitHub/Unit2BCollaborativeProject/Content/Assets/Materials/M_Tree_01b.uasset" 435
"../../../../../../Users/chloe/Documents/GitHub/Unit2BCollaborativeProject/Content/Assets/Meshes/SM_Tree_01b.uasset" 436
"../../../../../../Users/chloe/Documents/GitHub/Unit2BCollaborativeProject/Content/Assets/Meshes/SM_Tree_01c.uasset" 437
"../../../../../../Users/chloe/Documents/GitHub/Unit2BCollaborativeProject/Content/UI/WBP_Gameplay_HUD.uasset" 438
"../../../../../../Users/chloe/Documents/GitHub/Unit2BCollaborativeProject/Content/Levels/TestLevel.umap" 439
"../../../Engine/Content/Maps/Entry_BuiltData.uasset" 440
"../../../Engine/Content/Maps/Entry.umap" 441
